<?xml version="1.0" encoding="UTF-8"?>
<!-- Generated by org.testng.reporters.JUnitReportReporter -->
<testsuite skipped="0" hostname="EPUAKHAW5257" name="restAssuredTests" tests="1" failures="0" timestamp="13 Feb 2018 15:22:13 GMT" time="6.950" errors="0">
  <testcase name="testCreatePost" time="6.950" classname="restAssuredTests"/>
</testsuite> <!-- restAssuredTests -->
